<?xml version="1.0" encoding="UTF-8"?>
<!-- Generated by org.testng.reporters.JUnitReportReporter -->
<testsuite hostname="DESKTOP-14MEI3Q" failures="0" tests="2" name="testcases.FrameTest" time="1.908" errors="0" timestamp="2022-02-24T10:55:07 IST" skipped="0">
  <testcase classname="testcases.FrameTest" name="singleFrameTest1" time="0.280"/>
  <system-out/>
  <testcase classname="testcases.FrameTest" name="multipleFrameTest1" time="1.628"/>
  <system-out/>
</testsuite> <!-- testcases.FrameTest -->
