<?xml version="1.0" encoding="UTF-8"?>
<!-- Generated by org.testng.reporters.JUnitReportReporter -->
<testsuite hostname="DESKTOP-14MEI3Q" failures="0" tests="3" name="testcases.AlertTest" time="2.283" errors="0" timestamp="2022-02-20T16:20:25 IST" skipped="0">
  <testcase classname="testcases.AlertTest" name="verifyAlertWithOKAndCancel" time="1.012"/>
  <system-out/>
  <testcase classname="testcases.AlertTest" name="verifyTextBoxAlert" time="0.225"/>
  <system-out/>
  <testcase classname="testcases.AlertTest" name="verifyAlertWithOK" time="1.046"/>
  <system-out/>
</testsuite> <!-- testcases.AlertTest -->
