<?xml version="1.0" encoding="UTF-8"?>
<!-- Generated by org.testng.reporters.JUnitReportReporter -->
<testsuite hostname="DESKTOP-14MEI3Q" failures="0" tests="1" name="testcases.selectableTest" time="11.793" errors="0" timestamp="2022-03-03T19:46:54 IST" skipped="0">
  <testcase classname="testcases.selectableTest" name="selectabletest1" time="11.793"/>
  <system-out/>
</testsuite> <!-- testcases.selectableTest -->
