<?xml version="1.0" encoding="UTF-8"?>
<!-- Generated by org.testng.reporters.JUnitReportReporter -->
<testsuite hostname="DESKTOP-14MEI3Q" failures="0" tests="1" name="testcases.DialogTest" time="0.817" errors="0" timestamp="2022-03-04T17:57:16 IST" skipped="0">
  <testcase classname="testcases.DialogTest" name="dialogTest1" time="0.817"/>
  <system-out/>
</testsuite> <!-- testcases.DialogTest -->
