<?xml version="1.0" encoding="UTF-8"?>
<!-- Generated by org.testng.reporters.JUnitReportReporter -->
<testsuite hostname="DESKTOP-14MEI3Q" failures="0" tests="1" name="testcases.DragAndDropTest" time="8.390" errors="0" timestamp="2022-03-02T23:41:11 IST" skipped="0">
  <testcase classname="testcases.DragAndDropTest" name="DragAndDrop1" time="8.390"/>
  <system-out/>
</testsuite> <!-- testcases.DragAndDropTest -->
