<?xml version="1.0" encoding="UTF-8"?>
<!-- Generated by org.testng.reporters.JUnitReportReporter -->
<testsuite hostname="DESKTOP-14MEI3Q" failures="0" tests="1" name="testcases.TableTest1" time="1.506" errors="0" timestamp="2022-03-12T10:50:33 IST" skipped="0">
  <testcase classname="testcases.TableTest1" name="TableTest1" time="1.506"/>
  <system-out/>
</testsuite> <!-- testcases.TableTest1 -->
