<?xml version="1.0" encoding="UTF-8"?>
<!-- Generated by org.testng.reporters.JUnitReportReporter -->
<testsuite hostname="DESKTOP-14MEI3Q" failures="0" tests="1" name="testcases.NestedOptionsTest" time="1.679" errors="0" timestamp="2022-03-05T21:10:50 IST" skipped="0">
  <testcase classname="testcases.NestedOptionsTest" name="nestedOptionsTest1" time="1.679"/>
  <system-out/>
</testsuite> <!-- testcases.NestedOptionsTest -->
