<?xml version="1.0" encoding="UTF-8"?>
<!-- Generated by org.testng.reporters.JUnitReportReporter -->
<testsuite hostname="DESKTOP-14MEI3Q" failures="0" tests="1" name="testcases.DynamicLoaderTest" time="5.686" errors="0" timestamp="2022-03-11T22:57:27 IST" skipped="0">
  <testcase classname="testcases.DynamicLoaderTest" name="DyanmicLoaderTest1" time="5.686"/>
  <system-out/>
</testsuite> <!-- testcases.DynamicLoaderTest -->
