<?xml version="1.0" encoding="UTF-8"?>
<!-- Generated by org.testng.reporters.JUnitReportReporter -->
<testsuite hostname="DESKTOP-14MEI3Q" failures="0" tests="1" name="testcases.HoversTest" time="0.863" errors="0" timestamp="2022-03-10T14:04:42 IST" skipped="0">
  <testcase classname="testcases.HoversTest" name="HoverTest1" time="0.863"/>
  <system-out/>
</testsuite> <!-- testcases.HoversTest -->
