<?xml version="1.0" encoding="UTF-8"?>
<!-- Generated by org.testng.reporters.JUnitReportReporter -->
<testsuite hostname="DESKTOP-14MEI3Q" failures="0" tests="3" name="testcases.WindowsTest" time="13.398" errors="0" timestamp="2022-02-20T18:08:43 IST" skipped="0">
  <testcase classname="testcases.WindowsTest" name="verifyTabbedWindow" time="7.978"/>
  <system-out/>
  <testcase classname="testcases.WindowsTest" name="verifySeperateWindow" time="2.907"/>
  <system-out/>
  <testcase classname="testcases.WindowsTest" name="verifyMultipleWindow" time="2.513"/>
  <system-out/>
</testsuite> <!-- testcases.WindowsTest -->
