<?xml version="1.0" encoding="UTF-8"?>
<!-- Generated by org.testng.reporters.JUnitReportReporter -->
<testsuite hostname="DESKTOP-14MEI3Q" failures="0" tests="1" name="testcases.JqueryUIMenuTest" time="1.388" errors="0" timestamp="2022-03-10T16:30:14 IST" skipped="0">
  <testcase classname="testcases.JqueryUIMenuTest" name="UiMenutest1" time="1.388"/>
  <system-out/>
</testsuite> <!-- testcases.JqueryUIMenuTest -->
