<?xml version="1.0" encoding="UTF-8"?>
<!-- Generated by org.testng.reporters.JUnitReportReporter -->
<testsuite hostname="DESKTOP-14MEI3Q" failures="0" tests="1" name="testcases.AccordianTest" time="2.039" errors="0" timestamp="2022-02-28T14:41:15 IST" skipped="0">
  <testcase classname="testcases.AccordianTest" name="AccordianTest1" time="2.039"/>
  <system-out/>
</testsuite> <!-- testcases.AccordianTest -->
