<?xml version="1.0" encoding="UTF-8"?>
<!-- Generated by org.testng.reporters.JUnitReportReporter -->
<testsuite hostname="DESKTOP-14MEI3Q" failures="0" tests="1" name="testcases.BrokenImagesTest" time="6.386" errors="0" timestamp="2022-03-10T18:32:51 IST" skipped="0">
  <testcase classname="testcases.BrokenImagesTest" name="BrokenImageTest2" time="6.386"/>
  <system-out/>
</testsuite> <!-- testcases.BrokenImagesTest -->
