<?xml version="1.0" encoding="UTF-8"?>
<!-- Generated by org.testng.reporters.JUnitReportReporter -->
<testsuite hostname="DESKTOP-14MEI3Q" failures="0" tests="1" name="testcases.DatePickerTest" time="40.716" errors="0" timestamp="2022-03-01T22:04:48 IST" skipped="0">
  <testcase classname="testcases.DatePickerTest" name="test1" time="40.716"/>
  <system-out/>
</testsuite> <!-- testcases.DatePickerTest -->
